<?xml version="1.0" encoding="UTF-8"?>
<testng-results skipped="0" failed="0" total="2" passed="2">
  <reporter-output>
  </reporter-output>
  <suite name="Suite1" duration-ms="28057" started-at="2019-12-11T11:58:19Z" finished-at="2019-12-11T11:58:47Z">
    <groups>
    </groups>
    <test name="First" duration-ms="28057" started-at="2019-12-11T11:58:19Z" finished-at="2019-12-11T11:58:47Z">
      <class name="com.demo.my.First">
        <test-method status="PASS" signature="setUp()[pri:0, instance:com.demo.my.First@157632c9]" name="setUp" is-config="true" duration-ms="21519" started-at="2019-12-11T17:27:58Z" finished-at="2019-12-11T17:28:19Z">
          <reporter-output>
          </reporter-output>
        </test-method> <!-- setUp -->
        <test-method status="PASS" signature="signIn()[pri:0, instance:com.demo.my.First@157632c9]" name="signIn" duration-ms="17791" started-at="2019-12-11T17:28:19Z" finished-at="2019-12-11T17:28:37Z">
          <reporter-output>
          </reporter-output>
        </test-method> <!-- signIn -->
        <test-method status="PASS" signature="selectVegPizza()[pri:0, instance:com.demo.my.First@157632c9]" name="selectVegPizza" duration-ms="10256" started-at="2019-12-11T17:28:37Z" finished-at="2019-12-11T17:28:47Z">
          <reporter-output>
          </reporter-output>
        </test-method> <!-- selectVegPizza -->
      </class> <!-- com.demo.my.First -->
    </test> <!-- First -->
  </suite> <!-- Suite1 -->
</testng-results>
