<?xml version="1.0" encoding="UTF-8"?>
<!-- Generated by org.testng.reporters.JUnitXMLReporter -->
<testsuite hostname="DIN80011519" name="Regression1" tests="2" failures="2" timestamp="11 Dec 2019 09:26:01 GMT" time="0.022" errors="0">
  <testcase name="signIn" time="0.005" classname="com.demo.my.SetUp">
    <failure type="java.lang.NullPointerException">
      <![CDATA[java.lang.NullPointerException
	at com.demo.my.SetUp.signIn(SetUp.java:12)
... Removed 24 stack frames]]>
    </failure>
  </testcase> <!-- signIn -->
  <testcase name="selectVegPizza" time="0.003" classname="com.demo.my.VegPizza">
    <failure type="java.lang.NullPointerException">
      <![CDATA[java.lang.NullPointerException
	at com.demo.my.VegPizza.selectVegPizza(VegPizza.java:12)
... Removed 24 stack frames]]>
    </failure>
  </testcase> <!-- selectVegPizza -->
</testsuite> <!-- Regression1 -->
