<?xml version="1.0" encoding="UTF-8"?>
<!-- Generated by org.testng.reporters.JUnitXMLReporter -->
<testsuite hostname="DIN80011519" name="setpup" tests="1" failures="1" timestamp="11 Dec 2019 10:22:20 GMT" time="5.027" errors="0">
  <testcase name="signIn" time="5.018" classname="com.demo.my.SetUp">
    <failure type="java.lang.NullPointerException">
      <![CDATA[java.lang.NullPointerException
	at com.demo.my.SetUp.signIn(SetUp.java:20)
... Removed 24 stack frames]]>
    </failure>
  </testcase> <!-- signIn -->
</testsuite> <!-- setpup -->
