<?xml version="1.0" encoding="UTF-8"?>
<!-- Generated by org.testng.reporters.JUnitXMLReporter -->
<testsuite hostname="DIN80011519" name="VegPizza" tests="1" failures="1" timestamp="11 Dec 2019 10:22:23 GMT" time="3.007" errors="0">
  <testcase name="selectVegPizza" time="3.001" classname="com.demo.my.VegPizza">
    <failure type="java.lang.NullPointerException">
      <![CDATA[java.lang.NullPointerException
	at com.demo.my.VegPizza.selectVegPizza(VegPizza.java:22)
... Removed 24 stack frames]]>
    </failure>
  </testcase> <!-- selectVegPizza -->
</testsuite> <!-- VegPizza -->
